2020-01-13 11:44:23.229  INFO 11476 --- [restartedMain] l.qinwei.community.CommunityApplication  : Starting CommunityApplication on GY-4RLBZQ2-P with PID 11476 (E:\08.CodeLearning\community\target\classes started by qinwei in E:\08.CodeLearning\community)
2020-01-13 11:44:23.231  INFO 11476 --- [restartedMain] l.qinwei.community.CommunityApplication  : No active profile set, falling back to default profiles: default
2020-01-13 11:44:23.334  INFO 11476 --- [restartedMain] .e.DevToolsPropertyDefaultsPostProcessor : Devtools property defaults active! Set 'spring.devtools.add-properties' to 'false' to disable
2020-01-13 11:44:23.336  INFO 11476 --- [restartedMain] .e.DevToolsPropertyDefaultsPostProcessor : For additional web related logging consider setting the 'logging.level.web' property to 'DEBUG'
2020-01-13 11:44:23.413  WARN 11476 --- [background-preinit] o.s.h.c.j.Jackson2ObjectMapperBuilder    : For Jackson Kotlin classes support please add "com.fasterxml.jackson.module:jackson-module-kotlin" to the classpath
2020-01-13 11:44:25.077  INFO 11476 --- [restartedMain] o.s.b.w.embedded.tomcat.TomcatWebServer  : Tomcat initialized with port(s): 8888 (http)
2020-01-13 11:44:25.088  INFO 11476 --- [restartedMain] o.apache.catalina.core.StandardService   : Starting service [Tomcat]
2020-01-13 11:44:25.088  INFO 11476 --- [restartedMain] org.apache.catalina.core.StandardEngine  : Starting Servlet engine: [Apache Tomcat/9.0.29]
2020-01-13 11:44:25.196  INFO 11476 --- [restartedMain] o.a.c.c.C.[Tomcat].[localhost].[/]       : Initializing Spring embedded WebApplicationContext
2020-01-13 11:44:25.196  INFO 11476 --- [restartedMain] o.s.web.context.ContextLoader            : Root WebApplicationContext: initialization completed in 1860 ms
2020-01-13 11:44:25.240  INFO 11476 --- [restartedMain] com.zaxxer.hikari.HikariDataSource       : HikariPool-1 - Starting...
2020-01-13 11:44:25.384  INFO 11476 --- [restartedMain] com.zaxxer.hikari.HikariDataSource       : HikariPool-1 - Start completed.
2020-01-13 11:44:25.390  INFO 11476 --- [restartedMain] o.s.b.a.h2.H2ConsoleAutoConfiguration    : H2 console available at '/h2-console'. Database available at 'jdbc:h2:~/community'
2020-01-13 11:44:26.112  INFO 11476 --- [restartedMain] o.s.s.concurrent.ThreadPoolTaskExecutor  : Initializing ExecutorService 'applicationTaskExecutor'
2020-01-13 11:44:26.210  INFO 11476 --- [restartedMain] o.s.b.a.w.s.WelcomePageHandlerMapping    : Adding welcome page template: index
2020-01-13 11:44:26.509  INFO 11476 --- [restartedMain] o.s.b.d.a.OptionalLiveReloadServer       : LiveReload server is running on port 35729
2020-01-13 11:44:26.560  INFO 11476 --- [restartedMain] o.s.b.w.embedded.tomcat.TomcatWebServer  : Tomcat started on port(s): 8888 (http) with context path ''
2020-01-13 11:44:26.563  INFO 11476 --- [restartedMain] l.qinwei.community.CommunityApplication  : Started CommunityApplication in 4.097 seconds (JVM running for 5.265)
2020-01-13 11:45:05.481  INFO 11476 --- [http-nio-8888-exec-1] o.a.c.c.C.[Tomcat].[localhost].[/]       : Initializing Spring DispatcherServlet 'dispatcherServlet'
2020-01-13 11:45:05.481  INFO 11476 --- [http-nio-8888-exec-1] o.s.web.servlet.DispatcherServlet        : Initializing Servlet 'dispatcherServlet'
2020-01-13 11:45:05.488  INFO 11476 --- [http-nio-8888-exec-1] o.s.web.servlet.DispatcherServlet        : Completed initialization in 6 ms
